2018-12-11 13:10:28,978 ERROR [main] - System.err - [org.eclipse.pde.ui] error can't determine implemented interfaces of missing type org.eclipse.jdt.internal.core.manipulation.JavaElementLabelComposerCore
 [Xlint:cantFindType]
2018-12-11 13:10:29,138 ERROR [main] - System.err - [org.eclipse.jdt.launching] error can't determine implemented interfaces of missing type org.eclipse.jdt.internal.core.manipulation.JavaElementLabelComposerCore
 [Xlint:cantFindType]
2018-12-11 13:23:31,188 ERROR [main] - System.err - [org.eclipse.jdt.debug] error can't determine implemented interfaces of missing type org.eclipse.jdt.internal.core.manipulation.JavaElementLabelComposerCore
 [Xlint:cantFindType]
2018-12-11 14:10:14,785 ERROR [Worker-27: http://download.scala-ide.org/sdk/lithium/e47/scala212/dev/site/p2.index] - System.err - log4j:WARN No appenders could be found for logger (org.apache.http.impl.conn.SingleClientConnManager).
2018-12-11 14:10:14,811 ERROR [Worker-27: http://download.scala-ide.org/sdk/lithium/e47/scala212/dev/site/p2.index] - System.err - log4j:WARN Please initialize the log4j system properly.
2018-12-11 14:48:57,826 ERROR [pool-2-thread-1] - System.err - Dec 11, 2018 2:48:57 PM org.eclipse.lsp4j.jsonrpc.RemoteEndpoint handleNotification
WARNING: Notification threw an exception: {
  "jsonrpc": "2.0",
  "method": "textDocument/publishDiagnostics",
  "params": {
    "uri": "file:///home/hanafy/Work/Learning/microservices/spring-docker/workspace/config-server/src/main/java/com/learning/docker/microservices/configserver/ConfigServerApplication.java",
    "diagnostics": []
  }
}
java.lang.RuntimeException: java.lang.reflect.InvocationTargetException
	at org.eclipse.lsp4j.jsonrpc.services.GenericEndpoint.lambda$null$0(GenericEndpoint.java:67)
	at org.eclipse.lsp4j.jsonrpc.services.GenericEndpoint.notify(GenericEndpoint.java:152)
	at org.eclipse.lsp4j.jsonrpc.RemoteEndpoint.handleNotification(RemoteEndpoint.java:220)
	at org.eclipse.lsp4j.jsonrpc.RemoteEndpoint.consume(RemoteEndpoint.java:187)
	at org.eclipse.lsp4e.LanguageServerWrapper.lambda$1(LanguageServerWrapper.java:215)
	at org.eclipse.lsp4j.jsonrpc.json.StreamMessageProducer.handleMessage(StreamMessageProducer.java:192)
	at org.eclipse.lsp4j.jsonrpc.json.StreamMessageProducer.listen(StreamMessageProducer.java:94)
	at org.eclipse.lsp4j.jsonrpc.json.ConcurrentMessageProcessor.run(ConcurrentMessageProcessor.java:99)
	at java.util.concurrent.Executors$RunnableAdapter.call(Executors.java:511)
	at java.util.concurrent.FutureTask.run(FutureTask.java:266)
	at java.util.concurrent.ThreadPoolExecutor.runWorker(ThreadPoolExecutor.java:1149)
	at java.util.concurrent.ThreadPoolExecutor$Worker.run(ThreadPoolExecutor.java:624)
	at java.lang.Thread.run(Thread.java:748)
Caused by: java.lang.reflect.InvocationTargetException
	at sun.reflect.GeneratedMethodAccessor96.invoke(Unknown Source)
	at sun.reflect.DelegatingMethodAccessorImpl.invoke(DelegatingMethodAccessorImpl.java:43)
	at java.lang.reflect.Method.invoke(Method.java:498)
	at org.eclipse.lsp4j.jsonrpc.services.GenericEndpoint.lambda$null$0(GenericEndpoint.java:65)
	... 12 more
Caused by: org.eclipse.core.runtime.OperationCanceledException
	at org.eclipse.core.internal.jobs.ThreadJob.waitForRun(ThreadJob.java:278)
	at org.eclipse.core.internal.jobs.ThreadJob.joinRun(ThreadJob.java:205)
	at org.eclipse.core.internal.jobs.ImplicitJobs.begin(ImplicitJobs.java:95)
	at org.eclipse.core.internal.jobs.JobManager.beginRule(JobManager.java:311)
	at org.eclipse.core.internal.resources.WorkManager.checkIn(WorkManager.java:124)
	at org.eclipse.core.internal.resources.Workspace.prepareOperation(Workspace.java:2240)
	at org.eclipse.core.internal.resources.Workspace.run(Workspace.java:2287)
	at org.eclipse.core.internal.resources.Workspace.run(Workspace.java:2314)
	at org.eclipse.lsp4e.operations.diagnostics.LSPDiagnosticsToMarkers.accept(LSPDiagnosticsToMarkers.java:114)
	at org.eclipse.lsp4e.LanguageClientImpl.publishDiagnostics(LanguageClientImpl.java:72)
	... 16 more
2018-12-12 11:08:39,500 ERROR [main] - System.err - [org.eclipse.pde.ui] error can't determine implemented interfaces of missing type org.eclipse.jdt.internal.core.manipulation.JavaElementLabelComposerCore
 [Xlint:cantFindType]
2018-12-12 11:08:39,651 ERROR [main] - System.err - [org.eclipse.jdt.launching] error can't determine implemented interfaces of missing type org.eclipse.jdt.internal.core.manipulation.JavaElementLabelComposerCore
 [Xlint:cantFindType]
2018-12-12 11:08:57,739 ERROR [main] - System.err - [org.eclipse.jdt.debug] error can't determine implemented interfaces of missing type org.eclipse.jdt.internal.core.manipulation.JavaElementLabelComposerCore
 [Xlint:cantFindType]
2018-12-12 11:29:12,736 ERROR [Worker-16: http://download.scala-ide.org/sdk/lithium/e47/scala212/dev/site/p2.index] - System.err - log4j:WARN No appenders could be found for logger (org.apache.http.impl.conn.SingleClientConnManager).
2018-12-12 11:29:12,752 ERROR [Worker-16: http://download.scala-ide.org/sdk/lithium/e47/scala212/dev/site/p2.index] - System.err - log4j:WARN Please initialize the log4j system properly.
2018-12-13 09:44:29,569 ERROR [main] - System.err - [org.eclipse.pde.ui] error can't determine implemented interfaces of missing type org.eclipse.jdt.internal.core.manipulation.JavaElementLabelComposerCore
 [Xlint:cantFindType]
2018-12-13 09:44:29,810 ERROR [main] - System.err - [org.eclipse.jdt.launching] error can't determine implemented interfaces of missing type org.eclipse.jdt.internal.core.manipulation.JavaElementLabelComposerCore
 [Xlint:cantFindType]
2018-12-13 09:48:32,109 ERROR [main] - System.err - [org.eclipse.jdt.debug] error can't determine implemented interfaces of missing type org.eclipse.jdt.internal.core.manipulation.JavaElementLabelComposerCore
 [Xlint:cantFindType]
2018-12-13 10:10:35,275 ERROR [Worker-3: http://download.scala-ide.org/sdk/lithium/e47/scala212/dev/site/p2.index] - System.err - log4j:WARN No appenders could be found for logger (org.apache.http.impl.conn.SingleClientConnManager).
2018-12-13 10:10:35,275 ERROR [Worker-3: http://download.scala-ide.org/sdk/lithium/e47/scala212/dev/site/p2.index] - System.err - log4j:WARN Please initialize the log4j system properly.
2018-12-13 12:57:59,886 ERROR [main] - System.err - [org.eclipse.pde.ui] error can't determine implemented interfaces of missing type org.eclipse.jdt.internal.core.manipulation.JavaElementLabelComposerCore
 [Xlint:cantFindType]
2018-12-13 12:58:00,073 ERROR [main] - System.err - [org.eclipse.jdt.launching] error can't determine implemented interfaces of missing type org.eclipse.jdt.internal.core.manipulation.JavaElementLabelComposerCore
 [Xlint:cantFindType]
2018-12-13 12:58:21,922 ERROR [Worker-12: Compute launch button tooltip] - System.err - [org.eclipse.jdt.debug] error can't determine implemented interfaces of missing type org.eclipse.jdt.internal.core.manipulation.JavaElementLabelComposerCore
 [Xlint:cantFindType]
2018-12-13 13:38:54,030 ERROR [Worker-21: http://download.scala-ide.org/sdk/lithium/e47/scala212/dev/site/p2.index] - System.err - log4j:WARN No appenders could be found for logger (org.apache.http.impl.conn.SingleClientConnManager).
2018-12-13 13:38:54,047 ERROR [Worker-21: http://download.scala-ide.org/sdk/lithium/e47/scala212/dev/site/p2.index] - System.err - log4j:WARN Please initialize the log4j system properly.
2018-12-16 08:41:17,061 ERROR [main] - System.err - [org.eclipse.pde.ui] error can't determine implemented interfaces of missing type org.eclipse.jdt.internal.core.manipulation.JavaElementLabelComposerCore
 [Xlint:cantFindType]
2018-12-16 08:41:17,223 ERROR [main] - System.err - [org.eclipse.jdt.launching] error can't determine implemented interfaces of missing type org.eclipse.jdt.internal.core.manipulation.JavaElementLabelComposerCore
 [Xlint:cantFindType]
